apps/app_rand.c
apps/apps.c
apps/apps.h
apps/asn1pars.c
apps/ca.c
apps/CA.pl
apps/CA.pl.in
apps/CA.sh
apps/ca-cert.srl
apps/ca-key.pem
apps/ca-req.pem
apps/cert.pem
apps/ciphers.c
apps/client.pem
apps/cms.c
apps/crl.c
apps/crl2p7.c
apps/demoCA/cacert.pem
apps/demoCA/index.txt
apps/demoCA/private/cakey.pem
apps/demoCA/serial
apps/demoSRP/srp_verifier.txt
apps/demoSRP/srp_verifier.txt.attr
apps/dgst.c
apps/dh.c
apps/dh1024.pem
apps/dh2048.pem
apps/dh4096.pem
apps/dh512.pem
apps/dhparam.c
apps/dsa.c
apps/dsa1024.pem
apps/dsa512.pem
apps/dsa-ca.pem
apps/dsap.pem
apps/dsaparam.c
apps/dsa-pca.pem
apps/ec.c
apps/ecparam.c
apps/enc.c
apps/engine.c
apps/errstr.c
apps/gendh.c
apps/gendsa.c
apps/genpkey.c
apps/genrsa.c
apps/Makefile
apps/nseq.c
apps/ocsp.c
apps/oid.cnf
apps/openssl.c
apps/openssl.cnf
apps/openssl-vms.cnf
apps/passwd.c
apps/pca-cert.srl
apps/pca-key.pem
apps/pca-req.pem
apps/pkcs12.c
apps/pkcs7.c
apps/pkcs8.c
apps/pkey.c
apps/pkeyparam.c
apps/pkeyutl.c
apps/prime.c
apps/privkey.pem
apps/progs.h
apps/progs.pl
apps/rand.c
apps/req.c
apps/req.pem
apps/rsa.c
apps/rsa8192.pem
apps/rsautl.c
apps/s_apps.h
apps/s_cb.c
apps/s_client.c
apps/s_server.c
apps/s_socket.c
apps/s_time.c
apps/s1024key.pem
apps/s1024req.pem
apps/s512-key.pem
apps/s512-req.pem
apps/server.pem
apps/server.srl
apps/server2.pem
apps/sess_id.c
apps/set/set_b_ca.pem
apps/set/set_c_ca.pem
apps/set/set_d_ct.pem
apps/set/set_root.pem
apps/set/set-g-ca.pem
apps/set/set-m-ca.pem
apps/smime.c
apps/speed.c
apps/spkac.c
apps/srp.c
apps/testCA.pem
apps/testdsa.h
apps/testrsa.h
apps/timeouts.h
apps/ts.c
apps/tsget
apps/verify.c
apps/version.c
apps/vms_decc_init.c
apps/vms_term_sock.c
apps/vms_term_sock.h
apps/winrand.c
apps/x509.c
CHANGES
CHANGES.SSLeay
config
Configure
CONTRIBUTING
crypto/aes/aes.h
crypto/aes/aes_cbc.c
crypto/aes/aes_cfb.c
crypto/aes/aes_core.c
crypto/aes/aes_ctr.c
crypto/aes/aes_ecb.c
crypto/aes/aes_ige.c
crypto/aes/aes_locl.h
crypto/aes/aes_misc.c
crypto/aes/aes_ofb.c
crypto/aes/aes_wrap.c
crypto/aes/aes_x86core.c
crypto/aes/asm/aes-586.pl
crypto/aes/asm/aes-armv4.pl
crypto/aes/asm/aes-ia64.S
crypto/aes/asm/aes-mips.pl
crypto/aes/asm/aesni-mb-x86_64.pl
crypto/aes/asm/aesni-sha1-x86_64.pl
crypto/aes/asm/aesni-sha256-x86_64.pl
crypto/aes/asm/aesni-x86.pl
crypto/aes/asm/aesni-x86_64.pl
crypto/aes/asm/aesp8-ppc.pl
crypto/aes/asm/aes-parisc.pl
crypto/aes/asm/aes-ppc.pl
crypto/aes/asm/aes-s390x.pl
crypto/aes/asm/aes-sparcv9.pl
crypto/aes/asm/aest4-sparcv9.pl
crypto/aes/asm/aesv8-armx.pl
crypto/aes/asm/aes-x86_64.pl
crypto/aes/asm/bsaes-armv7.pl
crypto/aes/asm/bsaes-x86_64.pl
crypto/aes/asm/vpaes-ppc.pl
crypto/aes/asm/vpaes-x86.pl
crypto/aes/asm/vpaes-x86_64.pl
crypto/aes/Makefile
crypto/aes/README
crypto/alphacpuid.pl
crypto/arm_arch.h
crypto/arm64cpuid.S
crypto/armcap.c
crypto/armv4cpuid.S
crypto/asn1/a_bitstr.c
crypto/asn1/a_bool.c
crypto/asn1/a_bytes.c
crypto/asn1/a_d2i_fp.c
crypto/asn1/a_digest.c
crypto/asn1/a_dup.c
crypto/asn1/a_enum.c
crypto/asn1/a_gentm.c
crypto/asn1/a_i2d_fp.c
crypto/asn1/a_int.c
crypto/asn1/a_mbstr.c
crypto/asn1/a_object.c
crypto/asn1/a_octet.c
crypto/asn1/a_print.c
crypto/asn1/a_set.c
crypto/asn1/a_sign.c
crypto/asn1/a_strex.c
crypto/asn1/a_strnid.c
crypto/asn1/a_time.c
crypto/asn1/a_type.c
crypto/asn1/a_utctm.c
crypto/asn1/a_utf8.c
crypto/asn1/a_verify.c
crypto/asn1/ameth_lib.c
crypto/asn1/asn_mime.c
crypto/asn1/asn_moid.c
crypto/asn1/asn_pack.c
crypto/asn1/asn1.h
crypto/asn1/asn1_err.c
crypto/asn1/asn1_gen.c
crypto/asn1/asn1_int.h
crypto/asn1/asn1_lib.c
crypto/asn1/asn1_locl.h
crypto/asn1/asn1_mac.h
crypto/asn1/asn1_par.c
crypto/asn1/asn1t.h
crypto/asn1/bio_asn1.c
crypto/asn1/bio_ndef.c
crypto/asn1/charmap.h
crypto/asn1/charmap.pl
crypto/asn1/d2i_pr.c
crypto/asn1/d2i_pu.c
crypto/asn1/evp_asn1.c
crypto/asn1/f_enum.c
crypto/asn1/f_int.c
crypto/asn1/f_string.c
crypto/asn1/i2d_pr.c
crypto/asn1/i2d_pu.c
crypto/asn1/Makefile
crypto/asn1/n_pkey.c
crypto/asn1/nsseq.c
crypto/asn1/p5_pbe.c
crypto/asn1/p5_pbev2.c
crypto/asn1/p8_pkey.c
crypto/asn1/t_bitst.c
crypto/asn1/t_crl.c
crypto/asn1/t_pkey.c
crypto/asn1/t_req.c
crypto/asn1/t_spki.c
crypto/asn1/t_x509.c
crypto/asn1/t_x509a.c
crypto/asn1/tasn_dec.c
crypto/asn1/tasn_enc.c
crypto/asn1/tasn_fre.c
crypto/asn1/tasn_new.c
crypto/asn1/tasn_prn.c
crypto/asn1/tasn_typ.c
crypto/asn1/tasn_utl.c
crypto/asn1/x_algor.c
crypto/asn1/x_attrib.c
crypto/asn1/x_bignum.c
crypto/asn1/x_crl.c
crypto/asn1/x_exten.c
crypto/asn1/x_info.c
crypto/asn1/x_long.c
crypto/asn1/x_name.c
crypto/asn1/x_nx509.c
crypto/asn1/x_pkey.c
crypto/asn1/x_pubkey.c
crypto/asn1/x_req.c
crypto/asn1/x_sig.c
crypto/asn1/x_spki.c
crypto/asn1/x_val.c
crypto/asn1/x_x509.c
crypto/asn1/x_x509a.c
crypto/bf/asm/bf-586.pl
crypto/bf/asm/bf-686.pl
crypto/bf/asm/readme
crypto/bf/bf_cbc.c
crypto/bf/bf_cfb64.c
crypto/bf/bf_ecb.c
crypto/bf/bf_enc.c
crypto/bf/bf_locl.h
crypto/bf/bf_ofb64.c
crypto/bf/bf_opts.c
crypto/bf/bf_pi.h
crypto/bf/bf_skey.c
crypto/bf/bfs.cpp
crypto/bf/bfspeed.c
crypto/bf/bftest.c
crypto/bf/blowfish.h
crypto/bf/COPYRIGHT
crypto/bf/INSTALL
crypto/bf/Makefile
crypto/bf/README
crypto/bf/VERSION
crypto/bio/b_dump.c
crypto/bio/b_print.c
crypto/bio/b_sock.c
crypto/bio/bf_buff.c
crypto/bio/bf_lbuf.c
crypto/bio/bf_nbio.c
crypto/bio/bf_null.c
crypto/bio/bio.h
crypto/bio/bio_cb.c
crypto/bio/bio_err.c
crypto/bio/bio_lcl.h
crypto/bio/bio_lib.c
crypto/bio/bss_acpt.c
crypto/bio/bss_bio.c
crypto/bio/bss_conn.c
crypto/bio/bss_dgram.c
crypto/bio/bss_fd.c
crypto/bio/bss_file.c
crypto/bio/bss_log.c
crypto/bio/bss_mem.c
crypto/bio/bss_null.c
crypto/bio/bss_rtcp.c
crypto/bio/bss_sock.c
crypto/bio/Makefile
crypto/bn/asm/alpha-mont.pl
crypto/bn/asm/armv4-gf2m.pl
crypto/bn/asm/armv4-mont.pl
crypto/bn/asm/bn-586.pl
crypto/bn/asm/co-586.pl
crypto/bn/asm/ia64.S
crypto/bn/asm/ia64-mont.pl
crypto/bn/asm/mips.pl
crypto/bn/asm/mips3.s
crypto/bn/asm/mips3-mont.pl
crypto/bn/asm/mips-mont.pl
crypto/bn/asm/pa-risc2.s
crypto/bn/asm/pa-risc2W.s
crypto/bn/asm/parisc-mont.pl
crypto/bn/asm/ppc.pl
crypto/bn/asm/ppc64-mont.pl
crypto/bn/asm/ppc-mont.pl
crypto/bn/asm/README
crypto/bn/asm/rsaz-avx2.pl
crypto/bn/asm/rsaz-x86_64.pl
crypto/bn/asm/s390x.S
crypto/bn/asm/s390x-gf2m.pl
crypto/bn/asm/s390x-mont.pl
crypto/bn/asm/sparct4-mont.pl
crypto/bn/asm/sparcv8.S
crypto/bn/asm/sparcv8plus.S
crypto/bn/asm/sparcv9a-mont.pl
crypto/bn/asm/sparcv9-gf2m.pl
crypto/bn/asm/sparcv9-mont.pl
crypto/bn/asm/via-mont.pl
crypto/bn/asm/vis3-mont.pl
crypto/bn/asm/vms.mar
crypto/bn/asm/x86.pl
crypto/bn/asm/x86/add.pl
crypto/bn/asm/x86/comba.pl
crypto/bn/asm/x86/div.pl
crypto/bn/asm/x86/f
crypto/bn/asm/x86/mul.pl
crypto/bn/asm/x86/mul_add.pl
crypto/bn/asm/x86/sqr.pl
crypto/bn/asm/x86/sub.pl
crypto/bn/asm/x86_64-gcc.c
crypto/bn/asm/x86_64-gf2m.pl
crypto/bn/asm/x86_64-mont.pl
crypto/bn/asm/x86_64-mont5.pl
crypto/bn/asm/x86-gf2m.pl
crypto/bn/asm/x86-mont.pl
crypto/bn/bn.h
crypto/bn/bn.mul
crypto/bn/bn_add.c
crypto/bn/bn_asm.c
crypto/bn/bn_blind.c
crypto/bn/bn_const.c
crypto/bn/bn_ctx.c
crypto/bn/bn_depr.c
crypto/bn/bn_div.c
crypto/bn/bn_err.c
crypto/bn/bn_exp.c
crypto/bn/bn_exp2.c
crypto/bn/bn_gcd.c
crypto/bn/bn_gf2m.c
crypto/bn/bn_kron.c
crypto/bn/bn_lcl.h
crypto/bn/bn_lib.c
crypto/bn/bn_mod.c
crypto/bn/bn_mont.c
crypto/bn/bn_mpi.c
crypto/bn/bn_mul.c
crypto/bn/bn_nist.c
crypto/bn/bn_prime.c
crypto/bn/bn_prime.h
crypto/bn/bn_prime.pl
crypto/bn/bn_print.c
crypto/bn/bn_rand.c
crypto/bn/bn_recp.c
crypto/bn/bn_shift.c
crypto/bn/bn_sqr.c
crypto/bn/bn_sqrt.c
crypto/bn/bn_word.c
crypto/bn/bn_x931p.c
crypto/bn/bnspeed.c
crypto/bn/bntest.c
crypto/bn/divtest.c
crypto/bn/exp.c
crypto/bn/expspeed.c
crypto/bn/exptest.c
crypto/bn/Makefile
crypto/bn/rsaz_exp.c
crypto/bn/rsaz_exp.h
crypto/bn/todo
crypto/bn/vms-helper.c
crypto/bn_int.h
crypto/buffer/buf_err.c
crypto/buffer/buf_str.c
crypto/buffer/buffer.c
crypto/buffer/buffer.h
crypto/buffer/Makefile
crypto/camellia/asm/cmllt4-sparcv9.pl
crypto/camellia/asm/cmll-x86.pl
crypto/camellia/asm/cmll-x86_64.pl
crypto/camellia/camellia.c
crypto/camellia/camellia.h
crypto/camellia/cmll_cbc.c
crypto/camellia/cmll_cfb.c
crypto/camellia/cmll_ctr.c
crypto/camellia/cmll_ecb.c
crypto/camellia/cmll_locl.h
crypto/camellia/cmll_misc.c
crypto/camellia/cmll_ofb.c
crypto/camellia/cmll_utl.c
crypto/camellia/Makefile
crypto/cast/asm/cast-586.pl
crypto/cast/asm/readme
crypto/cast/c_cfb64.c
crypto/cast/c_ecb.c
crypto/cast/c_enc.c
crypto/cast/c_ofb64.c
crypto/cast/c_skey.c
crypto/cast/cast.h
crypto/cast/cast_lcl.h
crypto/cast/cast_s.h
crypto/cast/cast_spd.c
crypto/cast/castopts.c
crypto/cast/casts.cpp
crypto/cast/casttest.c
crypto/cast/Makefile
crypto/cmac/cm_ameth.c
crypto/cmac/cm_pmeth.c
crypto/cmac/cmac.c
crypto/cmac/cmac.h
crypto/cmac/Makefile
crypto/cms/cms.h
crypto/cms/cms_asn1.c
crypto/cms/cms_att.c
crypto/cms/cms_cd.c
crypto/cms/cms_dd.c
crypto/cms/cms_enc.c
crypto/cms/cms_env.c
crypto/cms/cms_err.c
crypto/cms/cms_ess.c
crypto/cms/cms_io.c
crypto/cms/cms_kari.c
crypto/cms/cms_lcl.h
crypto/cms/cms_lib.c
crypto/cms/cms_pwri.c
crypto/cms/cms_sd.c
crypto/cms/cms_smime.c
crypto/cms/Makefile
crypto/comp/c_rle.c
crypto/comp/c_zlib.c
crypto/comp/comp.h
crypto/comp/comp_err.c
crypto/comp/comp_lib.c
crypto/comp/Makefile
crypto/conf/cnf_save.c
crypto/conf/conf.h
crypto/conf/conf_api.c
crypto/conf/conf_api.h
crypto/conf/conf_def.c
crypto/conf/conf_def.h
crypto/conf/conf_err.c
crypto/conf/conf_lib.c
crypto/conf/conf_mall.c
crypto/conf/conf_mod.c
crypto/conf/conf_sap.c
crypto/conf/keysets.pl
crypto/conf/Makefile
crypto/conf/README
crypto/conf/ssleay.cnf
crypto/conf/test.c
crypto/constant_time_locl.h
crypto/constant_time_test.c
crypto/cpt_err.c
crypto/cryptlib.c
crypto/cryptlib.h
crypto/crypto.h
crypto/cversion.c
crypto/des/asm/crypt586.pl
crypto/des/asm/des_enc.m4
crypto/des/asm/des-586.pl
crypto/des/asm/desboth.pl
crypto/des/asm/dest4-sparcv9.pl
crypto/des/asm/readme
crypto/des/cbc_cksm.c
crypto/des/cbc_enc.c
crypto/des/cbc3_enc.c
crypto/des/cfb_enc.c
crypto/des/cfb64ede.c
crypto/des/cfb64enc.c
crypto/des/COPYRIGHT
crypto/des/des.c
crypto/des/des.h
crypto/des/DES.pm
crypto/des/des.pod
crypto/des/DES.xs
crypto/des/des_enc.c
crypto/des/des_locl.h
crypto/des/des_old.c
crypto/des/des_old.h
crypto/des/des_old2.c
crypto/des/des_opts.c
crypto/des/des_ver.h
crypto/des/des3s.cpp
crypto/des/dess.cpp
crypto/des/destest.c
crypto/des/ecb_enc.c
crypto/des/ecb3_enc.c
crypto/des/ede_cbcm_enc.c
crypto/des/enc_read.c
crypto/des/enc_writ.c
crypto/des/fcrypt.c
crypto/des/fcrypt_b.c
crypto/des/FILES0
crypto/des/Imakefile
crypto/des/INSTALL
crypto/des/KERBEROS
crypto/des/Makefile
crypto/des/makefile.bc
crypto/des/ncbc_enc.c
crypto/des/ofb_enc.c
crypto/des/ofb64ede.c
crypto/des/ofb64enc.c
crypto/des/options.txt
crypto/des/pcbc_enc.c
crypto/des/qud_cksm.c
crypto/des/rand_key.c
crypto/des/read_pwd.c
crypto/des/read2pwd.c
crypto/des/README
crypto/des/rpc_des.h
crypto/des/rpc_enc.c
crypto/des/rpw.c
crypto/des/set_key.c
crypto/des/speed.c
crypto/des/spr.h
crypto/des/str2key.c
crypto/des/times/486-50.sol
crypto/des/times/586-100.lnx
crypto/des/times/686-200.fre
crypto/des/times/aix.cc
crypto/des/times/alpha.cc
crypto/des/times/hpux.cc
crypto/des/times/sparc.gcc
crypto/des/times/usparc.cc
crypto/des/typemap
crypto/des/VERSION
crypto/des/xcbc_enc.c
crypto/dh/dh.h
crypto/dh/dh_ameth.c
crypto/dh/dh_asn1.c
crypto/dh/dh_check.c
crypto/dh/dh_depr.c
crypto/dh/dh_err.c
crypto/dh/dh_gen.c
crypto/dh/dh_kdf.c
crypto/dh/dh_key.c
crypto/dh/dh_lib.c
crypto/dh/dh_pmeth.c
crypto/dh/dh_prn.c
crypto/dh/dh_rfc5114.c
crypto/dh/dh1024.pem
crypto/dh/dh192.pem
crypto/dh/dh2048.pem
crypto/dh/dh4096.pem
crypto/dh/dh512.pem
crypto/dh/dhtest.c
crypto/dh/example
crypto/dh/generate
crypto/dh/Makefile
crypto/dh/p1024.c
crypto/dh/p192.c
crypto/dh/p512.c
crypto/dsa/dsa.h
crypto/dsa/dsa_ameth.c
crypto/dsa/dsa_asn1.c
crypto/dsa/dsa_depr.c
crypto/dsa/dsa_err.c
crypto/dsa/dsa_gen.c
crypto/dsa/dsa_key.c
crypto/dsa/dsa_lib.c
crypto/dsa/dsa_locl.h
crypto/dsa/dsa_ossl.c
crypto/dsa/dsa_pmeth.c
crypto/dsa/dsa_prn.c
crypto/dsa/dsa_sign.c
crypto/dsa/dsa_vrf.c
crypto/dsa/dsagen.c
crypto/dsa/dsatest.c
crypto/dsa/fips186a.txt
crypto/dsa/Makefile
crypto/dsa/README
crypto/dso/dso.h
crypto/dso/dso_beos.c
crypto/dso/dso_dl.c
crypto/dso/dso_dlfcn.c
crypto/dso/dso_err.c
crypto/dso/dso_lib.c
crypto/dso/dso_null.c
crypto/dso/dso_openssl.c
crypto/dso/dso_vms.c
crypto/dso/dso_win32.c
crypto/dso/Makefile
crypto/dso/README
crypto/ebcdic.c
crypto/ebcdic.h
crypto/ec/asm/ecp_nistz256-avx2.pl
crypto/ec/asm/ecp_nistz256-x86_64.pl
crypto/ec/ec.h
crypto/ec/ec_ameth.c
crypto/ec/ec_asn1.c
crypto/ec/ec_check.c
crypto/ec/ec_curve.c
crypto/ec/ec_cvt.c
crypto/ec/ec_err.c
crypto/ec/ec_key.c
crypto/ec/ec_lcl.h
crypto/ec/ec_lib.c
crypto/ec/ec_mult.c
crypto/ec/ec_oct.c
crypto/ec/ec_pmeth.c
crypto/ec/ec_print.c
crypto/ec/ec2_mult.c
crypto/ec/ec2_oct.c
crypto/ec/ec2_smpl.c
crypto/ec/eck_prn.c
crypto/ec/ecp_mont.c
crypto/ec/ecp_nist.c
crypto/ec/ecp_nistp224.c
crypto/ec/ecp_nistp256.c
crypto/ec/ecp_nistp521.c
crypto/ec/ecp_nistputil.c
crypto/ec/ecp_nistz256.c
crypto/ec/ecp_nistz256_table.c
crypto/ec/ecp_oct.c
crypto/ec/ecp_smpl.c
crypto/ec/ectest.c
crypto/ec/Makefile
crypto/ecdh/ecdh.h
crypto/ecdh/ecdhtest.c
crypto/ecdh/ech_err.c
crypto/ecdh/ech_kdf.c
crypto/ecdh/ech_key.c
crypto/ecdh/ech_lib.c
crypto/ecdh/ech_locl.h
crypto/ecdh/ech_ossl.c
crypto/ecdh/Makefile
crypto/ecdsa/ecdsa.h
crypto/ecdsa/ecdsatest.c
crypto/ecdsa/ecs_asn1.c
crypto/ecdsa/ecs_err.c
crypto/ecdsa/ecs_lib.c
crypto/ecdsa/ecs_locl.h
crypto/ecdsa/ecs_ossl.c
crypto/ecdsa/ecs_sign.c
crypto/ecdsa/ecs_vrf.c
crypto/ecdsa/Makefile
crypto/engine/eng_all.c
crypto/engine/eng_cnf.c
crypto/engine/eng_cryptodev.c
crypto/engine/eng_ctrl.c
crypto/engine/eng_dyn.c
crypto/engine/eng_err.c
crypto/engine/eng_fat.c
crypto/engine/eng_init.c
crypto/engine/eng_int.h
crypto/engine/eng_lib.c
crypto/engine/eng_list.c
crypto/engine/eng_openssl.c
crypto/engine/eng_pkey.c
crypto/engine/eng_rdrand.c
crypto/engine/eng_table.c
crypto/engine/engine.h
crypto/engine/enginetest.c
crypto/engine/Makefile
crypto/engine/README
crypto/engine/tb_asnmth.c
crypto/engine/tb_cipher.c
crypto/engine/tb_dh.c
crypto/engine/tb_digest.c
crypto/engine/tb_dsa.c
crypto/engine/tb_ecdh.c
crypto/engine/tb_ecdsa.c
crypto/engine/tb_pkmeth.c
crypto/engine/tb_rand.c
crypto/engine/tb_rsa.c
crypto/engine/tb_store.c
crypto/err/err.c
crypto/err/err.h
crypto/err/err_all.c
crypto/err/err_prn.c
crypto/err/Makefile
crypto/err/openssl.ec
crypto/evp/bio_b64.c
crypto/evp/bio_enc.c
crypto/evp/bio_md.c
crypto/evp/bio_ok.c
crypto/evp/c_all.c
crypto/evp/c_allc.c
crypto/evp/c_alld.c
crypto/evp/digest.c
crypto/evp/e_aes.c
crypto/evp/e_aes_cbc_hmac_sha1.c
crypto/evp/e_aes_cbc_hmac_sha256.c
crypto/evp/e_bf.c
crypto/evp/e_camellia.c
crypto/evp/e_cast.c
crypto/evp/e_des.c
crypto/evp/e_des3.c
crypto/evp/e_dsa.c
crypto/evp/e_idea.c
crypto/evp/e_null.c
crypto/evp/e_old.c
crypto/evp/e_rc2.c
crypto/evp/e_rc4.c
crypto/evp/e_rc4_hmac_md5.c
crypto/evp/e_rc5.c
crypto/evp/e_seed.c
crypto/evp/e_xcbc_d.c
crypto/evp/encode.c
crypto/evp/evp.h
crypto/evp/evp_acnf.c
crypto/evp/evp_cnf.c
crypto/evp/evp_enc.c
crypto/evp/evp_err.c
crypto/evp/evp_extra_test.c
crypto/evp/evp_key.c
crypto/evp/evp_lib.c
crypto/evp/evp_locl.h
crypto/evp/evp_pbe.c
crypto/evp/evp_pkey.c
crypto/evp/evp_test.c
crypto/evp/evptests.txt
crypto/evp/m_dss.c
crypto/evp/m_dss1.c
crypto/evp/m_ecdsa.c
crypto/evp/m_md2.c
crypto/evp/m_md4.c
crypto/evp/m_md5.c
crypto/evp/m_mdc2.c
crypto/evp/m_null.c
crypto/evp/m_ripemd.c
crypto/evp/m_sha.c
crypto/evp/m_sha1.c
crypto/evp/m_sigver.c
crypto/evp/m_wp.c
crypto/evp/Makefile
crypto/evp/names.c
crypto/evp/openbsd_hw.c
crypto/evp/p_dec.c
crypto/evp/p_enc.c
crypto/evp/p_lib.c
crypto/evp/p_open.c
crypto/evp/p_seal.c
crypto/evp/p_sign.c
crypto/evp/p_verify.c
crypto/evp/p5_crpt.c
crypto/evp/p5_crpt2.c
crypto/evp/pmeth_fn.c
crypto/evp/pmeth_gn.c
crypto/evp/pmeth_lib.c
crypto/ex_data.c
crypto/fips_err.h
crypto/fips_ers.c
crypto/hmac/hm_ameth.c
crypto/hmac/hm_pmeth.c
crypto/hmac/hmac.c
crypto/hmac/hmac.h
crypto/hmac/hmactest.c
crypto/hmac/Makefile
crypto/ia64cpuid.S
crypto/idea/i_cbc.c
crypto/idea/i_cfb64.c
crypto/idea/i_ecb.c
crypto/idea/i_ofb64.c
crypto/idea/i_skey.c
crypto/idea/idea.h
crypto/idea/idea_lcl.h
crypto/idea/idea_spd.c
crypto/idea/ideatest.c
crypto/idea/Makefile
crypto/idea/version
crypto/jpake/jpake.c
crypto/jpake/jpake.h
crypto/jpake/jpake_err.c
crypto/jpake/jpaketest.c
crypto/jpake/Makefile
crypto/krb5/krb5_asn.c
crypto/krb5/krb5_asn.h
crypto/krb5/Makefile
crypto/lhash/lh_stats.c
crypto/lhash/lh_test.c
crypto/lhash/lhash.c
crypto/lhash/lhash.h
crypto/lhash/Makefile
crypto/lhash/num.pl
crypto/LPdir_nyi.c
crypto/LPdir_unix.c
crypto/LPdir_vms.c
crypto/LPdir_win.c
crypto/LPdir_win32.c
crypto/LPdir_wince.c
crypto/Makefile
crypto/md2/Makefile
crypto/md2/md2.c
crypto/md2/md2.h
crypto/md2/md2_dgst.c
crypto/md2/md2_one.c
crypto/md2/md2test.c
crypto/md32_common.h
crypto/md4/Makefile
crypto/md4/md4.c
crypto/md4/md4.h
crypto/md4/md4_dgst.c
crypto/md4/md4_locl.h
crypto/md4/md4_one.c
crypto/md4/md4s.cpp
crypto/md4/md4test.c
crypto/md5/asm/md5-586.pl
crypto/md5/asm/md5-ia64.S
crypto/md5/asm/md5-sparcv9.pl
crypto/md5/asm/md5-x86_64.pl
crypto/md5/Makefile
crypto/md5/md5.c
crypto/md5/md5.h
crypto/md5/md5_dgst.c
crypto/md5/md5_locl.h
crypto/md5/md5_one.c
crypto/md5/md5s.cpp
crypto/md5/md5test.c
crypto/mdc2/Makefile
crypto/mdc2/mdc2.h
crypto/mdc2/mdc2_one.c
crypto/mdc2/mdc2dgst.c
crypto/mdc2/mdc2test.c
crypto/mem.c
crypto/mem_clr.c
crypto/mem_dbg.c
crypto/modes/asm/aesni-gcm-x86_64.pl
crypto/modes/asm/ghash-alpha.pl
crypto/modes/asm/ghash-armv4.pl
crypto/modes/asm/ghash-ia64.pl
crypto/modes/asm/ghashp8-ppc.pl
crypto/modes/asm/ghash-parisc.pl
crypto/modes/asm/ghash-s390x.pl
crypto/modes/asm/ghash-sparcv9.pl
crypto/modes/asm/ghashv8-armx.pl
crypto/modes/asm/ghash-x86.pl
crypto/modes/asm/ghash-x86_64.pl
crypto/modes/cbc128.c
crypto/modes/ccm128.c
crypto/modes/cfb128.c
crypto/modes/ctr128.c
crypto/modes/cts128.c
crypto/modes/gcm128.c
crypto/modes/Makefile
crypto/modes/modes.h
crypto/modes/modes_lcl.h
crypto/modes/ofb128.c
crypto/modes/wrap128.c
crypto/modes/xts128.c
crypto/o_dir.c
crypto/o_dir.h
crypto/o_dir_test.c
crypto/o_fips.c
crypto/o_init.c
crypto/o_str.c
crypto/o_str.h
crypto/o_time.c
crypto/o_time.h
crypto/objects/Makefile
crypto/objects/o_names.c
crypto/objects/obj_dat.c
crypto/objects/obj_dat.h
crypto/objects/obj_dat.pl
crypto/objects/obj_err.c
crypto/objects/obj_lib.c
crypto/objects/obj_mac.h
crypto/objects/obj_mac.num
crypto/objects/obj_xref.c
crypto/objects/obj_xref.h
crypto/objects/obj_xref.txt
crypto/objects/objects.h
crypto/objects/objects.pl
crypto/objects/objects.README
crypto/objects/objects.txt
crypto/objects/objxref.pl
crypto/ocsp/Makefile
crypto/ocsp/ocsp.h
crypto/ocsp/ocsp_asn.c
crypto/ocsp/ocsp_cl.c
crypto/ocsp/ocsp_err.c
crypto/ocsp/ocsp_ext.c
crypto/ocsp/ocsp_ht.c
crypto/ocsp/ocsp_lib.c
crypto/ocsp/ocsp_prn.c
crypto/ocsp/ocsp_srv.c
crypto/ocsp/ocsp_vfy.c
crypto/opensslconf.h
crypto/opensslconf.h.in
crypto/opensslv.h
crypto/ossl_typ.h
crypto/pariscid.pl
crypto/pem/Makefile
crypto/pem/message
crypto/pem/pem.h
crypto/pem/pem_all.c
crypto/pem/pem_err.c
crypto/pem/pem_info.c
crypto/pem/pem_lib.c
crypto/pem/pem_oth.c
crypto/pem/pem_pk8.c
crypto/pem/pem_pkey.c
crypto/pem/pem_seal.c
crypto/pem/pem_sign.c
crypto/pem/pem_x509.c
crypto/pem/pem_xaux.c
crypto/pem/pem2.h
crypto/pem/pkcs7.lis
crypto/pem/pvkfmt.c
crypto/perlasm/cbc.pl
crypto/perlasm/ppc-xlate.pl
crypto/perlasm/readme
crypto/perlasm/sparcv9_modes.pl
crypto/perlasm/x86_64-xlate.pl
crypto/perlasm/x86asm.pl
crypto/perlasm/x86gas.pl
crypto/perlasm/x86masm.pl
crypto/perlasm/x86nasm.pl
crypto/pkcs12/Makefile
crypto/pkcs12/p12_add.c
crypto/pkcs12/p12_asn.c
crypto/pkcs12/p12_attr.c
crypto/pkcs12/p12_crpt.c
crypto/pkcs12/p12_crt.c
crypto/pkcs12/p12_decr.c
crypto/pkcs12/p12_init.c
crypto/pkcs12/p12_key.c
crypto/pkcs12/p12_kiss.c
crypto/pkcs12/p12_mutl.c
crypto/pkcs12/p12_npas.c
crypto/pkcs12/p12_p8d.c
crypto/pkcs12/p12_p8e.c
crypto/pkcs12/p12_utl.c
crypto/pkcs12/pk12err.c
crypto/pkcs12/pkcs12.h
crypto/pkcs7/bio_pk7.c
crypto/pkcs7/Makefile
crypto/pkcs7/pk7_asn1.c
crypto/pkcs7/pk7_attr.c
crypto/pkcs7/pk7_dgst.c
crypto/pkcs7/pk7_doit.c
crypto/pkcs7/pk7_enc.c
crypto/pkcs7/pk7_lib.c
crypto/pkcs7/pk7_mime.c
crypto/pkcs7/pk7_smime.c
crypto/pkcs7/pkcs7.h
crypto/pkcs7/pkcs7err.c
crypto/ppc_arch.h
crypto/ppccap.c
crypto/ppccpuid.pl
crypto/pqueue/Makefile
crypto/pqueue/pq_test.c
crypto/pqueue/pqueue.c
crypto/pqueue/pqueue.h
crypto/rand/Makefile
crypto/rand/md_rand.c
crypto/rand/rand.h
crypto/rand/rand_egd.c
crypto/rand/rand_err.c
crypto/rand/rand_lcl.h
crypto/rand/rand_lib.c
crypto/rand/rand_nw.c
crypto/rand/rand_os2.c
crypto/rand/rand_unix.c
crypto/rand/rand_vms.c
crypto/rand/rand_win.c
crypto/rand/randfile.c
crypto/rand/randtest.c
crypto/rc2/Makefile
crypto/rc2/rc2.h
crypto/rc2/rc2_cbc.c
crypto/rc2/rc2_ecb.c
crypto/rc2/rc2_locl.h
crypto/rc2/rc2_skey.c
crypto/rc2/rc2cfb64.c
crypto/rc2/rc2ofb64.c
crypto/rc2/rc2speed.c
crypto/rc2/rc2test.c
crypto/rc2/rrc2.doc
crypto/rc2/tab.c
crypto/rc2/version
crypto/rc4/asm/rc4-586.pl
crypto/rc4/asm/rc4-ia64.pl
crypto/rc4/asm/rc4-md5-x86_64.pl
crypto/rc4/asm/rc4-parisc.pl
crypto/rc4/asm/rc4-s390x.pl
crypto/rc4/asm/rc4-x86_64.pl
crypto/rc4/Makefile
crypto/rc4/rc4.c
crypto/rc4/rc4.h
crypto/rc4/rc4_enc.c
crypto/rc4/rc4_locl.h
crypto/rc4/rc4_skey.c
crypto/rc4/rc4_utl.c
crypto/rc4/rc4s.cpp
crypto/rc4/rc4speed.c
crypto/rc4/rc4test.c
crypto/rc4/rrc4.doc
crypto/rc5/asm/rc5-586.pl
crypto/rc5/Makefile
crypto/rc5/rc5.h
crypto/rc5/rc5_ecb.c
crypto/rc5/rc5_enc.c
crypto/rc5/rc5_locl.h
crypto/rc5/rc5_skey.c
crypto/rc5/rc5cfb64.c
crypto/rc5/rc5ofb64.c
crypto/rc5/rc5s.cpp
crypto/rc5/rc5speed.c
crypto/rc5/rc5test.c
crypto/ripemd/asm/rips.cpp
crypto/ripemd/asm/rmd-586.pl
crypto/ripemd/Makefile
crypto/ripemd/README
crypto/ripemd/ripemd.h
crypto/ripemd/rmd_dgst.c
crypto/ripemd/rmd_locl.h
crypto/ripemd/rmd_one.c
crypto/ripemd/rmd160.c
crypto/ripemd/rmdconst.h
crypto/ripemd/rmdtest.c
crypto/rsa/Makefile
crypto/rsa/rsa.h
crypto/rsa/rsa_ameth.c
crypto/rsa/rsa_asn1.c
crypto/rsa/rsa_chk.c
crypto/rsa/rsa_crpt.c
crypto/rsa/rsa_depr.c
crypto/rsa/rsa_eay.c
crypto/rsa/rsa_err.c
crypto/rsa/rsa_gen.c
crypto/rsa/rsa_lib.c
crypto/rsa/rsa_locl.h
crypto/rsa/rsa_none.c
crypto/rsa/rsa_null.c
crypto/rsa/rsa_oaep.c
crypto/rsa/rsa_pk1.c
crypto/rsa/rsa_pmeth.c
crypto/rsa/rsa_prn.c
crypto/rsa/rsa_pss.c
crypto/rsa/rsa_saos.c
crypto/rsa/rsa_sign.c
crypto/rsa/rsa_ssl.c
crypto/rsa/rsa_test.c
crypto/rsa/rsa_x931.c
crypto/s390xcap.c
crypto/s390xcpuid.S
crypto/seed/Makefile
crypto/seed/seed.c
crypto/seed/seed.h
crypto/seed/seed_cbc.c
crypto/seed/seed_cfb.c
crypto/seed/seed_ecb.c
crypto/seed/seed_locl.h
crypto/seed/seed_ofb.c
crypto/sha/asm/README
crypto/sha/asm/sha1-586.pl
crypto/sha/asm/sha1-alpha.pl
crypto/sha/asm/sha1-armv4-large.pl
crypto/sha/asm/sha1-armv8.pl
crypto/sha/asm/sha1-ia64.pl
crypto/sha/asm/sha1-mb-x86_64.pl
crypto/sha/asm/sha1-mips.pl
crypto/sha/asm/sha1-parisc.pl
crypto/sha/asm/sha1-ppc.pl
crypto/sha/asm/sha1-s390x.pl
crypto/sha/asm/sha1-sparcv9.pl
crypto/sha/asm/sha1-sparcv9a.pl
crypto/sha/asm/sha1-thumb.pl
crypto/sha/asm/sha1-x86_64.pl
crypto/sha/asm/sha256-586.pl
crypto/sha/asm/sha256-armv4.pl
crypto/sha/asm/sha256-mb-x86_64.pl
crypto/sha/asm/sha512-586.pl
crypto/sha/asm/sha512-armv4.pl
crypto/sha/asm/sha512-armv8.pl
crypto/sha/asm/sha512-ia64.pl
crypto/sha/asm/sha512-mips.pl
crypto/sha/asm/sha512p8-ppc.pl
crypto/sha/asm/sha512-parisc.pl
crypto/sha/asm/sha512-ppc.pl
crypto/sha/asm/sha512-s390x.pl
crypto/sha/asm/sha512-sparcv9.pl
crypto/sha/asm/sha512-x86_64.pl
crypto/sha/Makefile
crypto/sha/sha.c
crypto/sha/sha.h
crypto/sha/sha_dgst.c
crypto/sha/sha_locl.h
crypto/sha/sha_one.c
crypto/sha/sha1.c
crypto/sha/sha1_one.c
crypto/sha/sha1dgst.c
crypto/sha/sha1test.c
crypto/sha/sha256.c
crypto/sha/sha256t.c
crypto/sha/sha512.c
crypto/sha/sha512t.c
crypto/sha/shatest.c
crypto/sparc_arch.h
crypto/sparccpuid.S
crypto/sparcv9cap.c
crypto/srp/Makefile
crypto/srp/srp.h
crypto/srp/srp_grps.h
crypto/srp/srp_lcl.h
crypto/srp/srp_lib.c
crypto/srp/srp_vfy.c
crypto/srp/srptest.c
crypto/stack/Makefile
crypto/stack/safestack.h
crypto/stack/stack.c
crypto/stack/stack.h
crypto/store/Makefile
crypto/store/README
crypto/store/store.h
crypto/store/str_err.c
crypto/store/str_lib.c
crypto/store/str_locl.h
crypto/store/str_mem.c
crypto/store/str_meth.c
crypto/symhacks.h
crypto/threads/mttest.c
crypto/threads/netware.bat
crypto/threads/profile.sh
crypto/threads/ptest.bat
crypto/threads/pthread.sh
crypto/threads/pthread2.sh
crypto/threads/purify.sh
crypto/threads/README
crypto/threads/solaris.sh
crypto/threads/th-lock.c
crypto/threads/win32.bat
crypto/ts/Makefile
crypto/ts/ts.h
crypto/ts/ts_asn1.c
crypto/ts/ts_conf.c
crypto/ts/ts_err.c
crypto/ts/ts_lib.c
crypto/ts/ts_req_print.c
crypto/ts/ts_req_utils.c
crypto/ts/ts_rsp_print.c
crypto/ts/ts_rsp_sign.c
crypto/ts/ts_rsp_utils.c
crypto/ts/ts_rsp_verify.c
crypto/ts/ts_verify_ctx.c
crypto/txt_db/Makefile
crypto/txt_db/txt_db.c
crypto/txt_db/txt_db.h
crypto/ui/Makefile
crypto/ui/ui.h
crypto/ui/ui_compat.c
crypto/ui/ui_compat.h
crypto/ui/ui_err.c
crypto/ui/ui_lib.c
crypto/ui/ui_locl.h
crypto/ui/ui_openssl.c
crypto/ui/ui_util.c
crypto/uid.c
crypto/vms_rms.h
crypto/whrlpool/asm/wp-mmx.pl
crypto/whrlpool/asm/wp-x86_64.pl
crypto/whrlpool/Makefile
crypto/whrlpool/whrlpool.h
crypto/whrlpool/wp_block.c
crypto/whrlpool/wp_dgst.c
crypto/whrlpool/wp_locl.h
crypto/whrlpool/wp_test.c
crypto/x509/by_dir.c
crypto/x509/by_file.c
crypto/x509/Makefile
crypto/x509/verify_extra_test.c
crypto/x509/vpm_int.h
crypto/x509/x_all.c
crypto/x509/x509.h
crypto/x509/x509_att.c
crypto/x509/x509_cmp.c
crypto/x509/x509_d2.c
crypto/x509/x509_def.c
crypto/x509/x509_err.c
crypto/x509/x509_ext.c
crypto/x509/x509_lu.c
crypto/x509/x509_obj.c
crypto/x509/x509_r2x.c
crypto/x509/x509_req.c
crypto/x509/x509_set.c
crypto/x509/x509_trs.c
crypto/x509/x509_txt.c
crypto/x509/x509_v3.c
crypto/x509/x509_vfy.c
crypto/x509/x509_vfy.h
crypto/x509/x509_vpm.c
crypto/x509/x509cset.c
crypto/x509/x509name.c
crypto/x509/x509rset.c
crypto/x509/x509spki.c
crypto/x509/x509type.c
crypto/x509v3/ext_dat.h
crypto/x509v3/Makefile
crypto/x509v3/pcy_cache.c
crypto/x509v3/pcy_data.c
crypto/x509v3/pcy_int.h
crypto/x509v3/pcy_lib.c
crypto/x509v3/pcy_map.c
crypto/x509v3/pcy_node.c
crypto/x509v3/pcy_tree.c
crypto/x509v3/tabtest.c
crypto/x509v3/v3_addr.c
crypto/x509v3/v3_akey.c
crypto/x509v3/v3_akeya.c
crypto/x509v3/v3_alt.c
crypto/x509v3/v3_asid.c
crypto/x509v3/v3_bcons.c
crypto/x509v3/v3_bitst.c
crypto/x509v3/v3_conf.c
crypto/x509v3/v3_cpols.c
crypto/x509v3/v3_crld.c
crypto/x509v3/v3_enum.c
crypto/x509v3/v3_extku.c
crypto/x509v3/v3_genn.c
crypto/x509v3/v3_ia5.c
crypto/x509v3/v3_info.c
crypto/x509v3/v3_int.c
crypto/x509v3/v3_lib.c
crypto/x509v3/v3_ncons.c
crypto/x509v3/v3_ocsp.c
crypto/x509v3/v3_pci.c
crypto/x509v3/v3_pcia.c
crypto/x509v3/v3_pcons.c
crypto/x509v3/v3_pku.c
crypto/x509v3/v3_pmaps.c
crypto/x509v3/v3_prn.c
crypto/x509v3/v3_purp.c
crypto/x509v3/v3_scts.c
crypto/x509v3/v3_skey.c
crypto/x509v3/v3_sxnet.c
crypto/x509v3/v3_utl.c
crypto/x509v3/v3conf.c
crypto/x509v3/v3err.c
crypto/x509v3/v3nametest.c
crypto/x509v3/v3prin.c
crypto/x509v3/x509v3.h
crypto/x86_64cpuid.pl
crypto/x86cpuid.pl
demos/asn1/ocsp.c
demos/asn1/README.ASN1
demos/b64.c
demos/b64.pl
demos/bio/accept.cnf
demos/bio/client-arg.c
demos/bio/client-conf.c
demos/bio/connect.cnf
demos/bio/Makefile
demos/bio/README
demos/bio/saccept.c
demos/bio/sconnect.c
demos/bio/server.pem
demos/bio/server-arg.c
demos/bio/server-conf.c
demos/cms/cacert.pem
demos/cms/cakey.pem
demos/cms/cms_comp.c
demos/cms/cms_ddec.c
demos/cms/cms_dec.c
demos/cms/cms_denc.c
demos/cms/cms_enc.c
demos/cms/cms_sign.c
demos/cms/cms_sign2.c
demos/cms/cms_uncomp.c
demos/cms/cms_ver.c
demos/cms/comp.txt
demos/cms/encr.txt
demos/cms/sign.txt
demos/cms/signer.pem
demos/cms/signer2.pem
demos/easy_tls/cacerts.pem
demos/easy_tls/cert.pem
demos/easy_tls/easy-tls.c
demos/easy_tls/easy-tls.h
demos/easy_tls/Makefile
demos/easy_tls/README
demos/easy_tls/test.c
demos/easy_tls/test.h
demos/engines/cluster_labs/cluster_labs.h
demos/engines/cluster_labs/hw_cluster_labs.c
demos/engines/cluster_labs/hw_cluster_labs.ec
demos/engines/cluster_labs/hw_cluster_labs_err.c
demos/engines/cluster_labs/hw_cluster_labs_err.h
demos/engines/cluster_labs/Makefile
demos/engines/ibmca/hw_ibmca.c
demos/engines/ibmca/hw_ibmca.ec
demos/engines/ibmca/hw_ibmca_err.c
demos/engines/ibmca/hw_ibmca_err.h
demos/engines/ibmca/ica_openssl_api.h
demos/engines/ibmca/Makefile
demos/engines/rsaref/Makefile
demos/engines/rsaref/README
demos/engines/rsaref/rsaref.c
demos/engines/rsaref/rsaref.ec
demos/engines/rsaref/rsaref_err.c
demos/engines/rsaref/rsaref_err.h
demos/engines/zencod/hw_zencod.c
demos/engines/zencod/hw_zencod.ec
demos/engines/zencod/hw_zencod.h
demos/engines/zencod/hw_zencod_err.c
demos/engines/zencod/hw_zencod_err.h
demos/engines/zencod/Makefile
demos/pkcs12/pkread.c
demos/pkcs12/pkwrite.c
demos/pkcs12/README
demos/prime/Makefile
demos/prime/prime.c
demos/privkey.pem
demos/README
demos/selfsign.c
demos/sign/cert.pem
demos/sign/key.pem
demos/sign/Makefile
demos/sign/sig.txt
demos/sign/sign.c
demos/sign/sign.txt
demos/smime/cacert.pem
demos/smime/cakey.pem
demos/smime/encr.txt
demos/smime/sign.txt
demos/smime/signer.pem
demos/smime/signer2.pem
demos/smime/smdec.c
demos/smime/smenc.c
demos/smime/smsign.c
demos/smime/smsign2.c
demos/smime/smver.c
demos/spkigen.c
demos/ssl/cli.cpp
demos/ssl/inetdsrv.cpp
demos/ssl/serv.cpp
demos/ssltest-ecc/ECCcertgen.sh
demos/ssltest-ecc/ECC-RSAcertgen.sh
demos/ssltest-ecc/README
demos/ssltest-ecc/RSAcertgen.sh
demos/ssltest-ecc/ssltest.sh
demos/state_machine/Makefile
demos/state_machine/state_machine.c
demos/tunala/A-client.pem
demos/tunala/A-server.pem
demos/tunala/autogunk.sh
demos/tunala/autoungunk.sh
demos/tunala/breakage.c
demos/tunala/buffer.c
demos/tunala/CA.pem
demos/tunala/cb.c
demos/tunala/configure.in
demos/tunala/INSTALL
demos/tunala/ip.c
demos/tunala/Makefile
demos/tunala/Makefile.am
demos/tunala/README
demos/tunala/sm.c
demos/tunala/test.sh
demos/tunala/tunala.c
demos/tunala/tunala.h
demos/x509/mkcert.c
demos/x509/mkreq.c
demos/x509/README
e_os.h
e_os2.h
engines/capierr.bat
engines/ccgost/e_gost_err.c
engines/ccgost/e_gost_err.h
engines/ccgost/e_gost_err.proto
engines/ccgost/gost.ec
engines/ccgost/gost_ameth.c
engines/ccgost/gost_asn1.c
engines/ccgost/gost_crypt.c
engines/ccgost/gost_ctl.c
engines/ccgost/gost_eng.c
engines/ccgost/gost_keywrap.c
engines/ccgost/gost_keywrap.h
engines/ccgost/gost_lcl.h
engines/ccgost/gost_md.c
engines/ccgost/gost_params.c
engines/ccgost/gost_params.h
engines/ccgost/gost_pmeth.c
engines/ccgost/gost_sign.c
engines/ccgost/gost2001.c
engines/ccgost/gost2001_keyx.c
engines/ccgost/gost2001_keyx.h
engines/ccgost/gost89.c
engines/ccgost/gost89.h
engines/ccgost/gost94_keyx.c
engines/ccgost/gosthash.c
engines/ccgost/gosthash.h
engines/ccgost/gostsum.c
engines/ccgost/Makefile
engines/ccgost/README.gost
engines/e_4758cca.c
engines/e_4758cca.ec
engines/e_4758cca_err.c
engines/e_4758cca_err.h
engines/e_aep.c
engines/e_aep.ec
engines/e_aep_err.c
engines/e_aep_err.h
engines/e_atalla.c
engines/e_atalla.ec
engines/e_atalla_err.c
engines/e_atalla_err.h
engines/e_capi.c
engines/e_capi.ec
engines/e_capi_err.c
engines/e_capi_err.h
engines/e_chil.c
engines/e_chil.ec
engines/e_chil_err.c
engines/e_chil_err.h
engines/e_cswift.c
engines/e_cswift.ec
engines/e_cswift_err.c
engines/e_cswift_err.h
engines/e_gmp.c
engines/e_gmp.ec
engines/e_gmp_err.c
engines/e_gmp_err.h
engines/e_nuron.c
engines/e_nuron.ec
engines/e_nuron_err.c
engines/e_nuron_err.h
engines/e_padlock.c
engines/e_padlock.ec
engines/e_sureware.c
engines/e_sureware.ec
engines/e_sureware_err.c
engines/e_sureware_err.h
engines/e_ubsec.c
engines/e_ubsec.ec
engines/e_ubsec_err.c
engines/e_ubsec_err.h
engines/engine_vector.mar
engines/Makefile
engines/vendor_defns/aep.h
engines/vendor_defns/atalla.h
engines/vendor_defns/cswift.h
engines/vendor_defns/hw_4758_cca.h
engines/vendor_defns/hw_ubsec.h
engines/vendor_defns/hwcryptohook.h
engines/vendor_defns/sureware.h
INSTALL
INSTALL.W32
INSTALL.W64
LICENSE
Makefile
Makefile.org
Makefile.shared
ms/.rnd
ms/32all.bat
ms/applink.c
ms/bcb4.bat
ms/certCA.srl
ms/certCA.ss
ms/certU.ss
ms/cmp.pl
ms/do_ms.bat
ms/do_nasm.bat
ms/do_nt.bat
ms/do_win64a.bat
ms/do_win64i.bat
ms/keyCA.ss
ms/keyU.ss
ms/mingw32.bat
ms/mw.bat
ms/README
ms/req2CA.ss
ms/reqCA.ss
ms/reqU.ss
ms/speed32.bat
ms/tenc.bat
ms/tencce.bat
ms/test.bat
ms/testce.bat
ms/testce2.bat
ms/testenc.bat
ms/testencce.bat
ms/testpem.bat
ms/testpemce.bat
ms/testss.bat
ms/testssce.bat
ms/tlhelp32.h
ms/tpem.bat
ms/tpemce.bat
ms/uplink.c
ms/uplink.h
ms/uplink.pl
ms/uplink-common.pl
ms/uplink-ia64.pl
ms/uplink-x86.pl
ms/uplink-x86_64.pl
ms/x86asm.bat
NEWS
PROBLEMS
README
README.ASN1
README.ENGINE
ssl/bad_dtls_test.c
ssl/bio_ssl.c
ssl/clienthellotest.c
ssl/d1_both.c
ssl/d1_clnt.c
ssl/d1_lib.c
ssl/d1_meth.c
ssl/d1_pkt.c
ssl/d1_srtp.c
ssl/d1_srvr.c
ssl/dtls1.h
ssl/dtlstest.c
ssl/fatalerrtest.c
ssl/heartbeat_test.c
ssl/kssl.c
ssl/kssl.h
ssl/kssl_lcl.h
ssl/Makefile
ssl/s2_clnt.c
ssl/s2_enc.c
ssl/s2_lib.c
ssl/s2_meth.c
ssl/s2_pkt.c
ssl/s2_srvr.c
ssl/s23_clnt.c
ssl/s23_lib.c
ssl/s23_meth.c
ssl/s23_pkt.c
ssl/s23_srvr.c
ssl/s3_both.c
ssl/s3_cbc.c
ssl/s3_clnt.c
ssl/s3_enc.c
ssl/s3_lib.c
ssl/s3_meth.c
ssl/s3_pkt.c
ssl/s3_srvr.c
ssl/srtp.h
ssl/ssl.h
ssl/ssl_algs.c
ssl/ssl_asn1.c
ssl/ssl_cert.c
ssl/ssl_ciph.c
ssl/ssl_conf.c
ssl/ssl_err.c
ssl/ssl_err2.c
ssl/ssl_lib.c
ssl/ssl_locl.h
ssl/ssl_rsa.c
ssl/ssl_sess.c
ssl/ssl_stat.c
ssl/ssl_task.c
ssl/ssl_txt.c
ssl/ssl_utst.c
ssl/ssl2.h
ssl/ssl23.h
ssl/ssl3.h
ssl/ssltest.c
ssl/sslv2conftest.c
ssl/t1_clnt.c
ssl/t1_enc.c
ssl/t1_ext.c
ssl/t1_lib.c
ssl/t1_meth.c
ssl/t1_reneg.c
ssl/t1_srvr.c
ssl/t1_trce.c
ssl/tls_srp.c
ssl/tls1.h
test/asn1test.c
test/bctest
test/CAss.cnf
test/CAssdh.cnf
test/CAssdsa.cnf
test/CAssrsa.cnf
test/CAtsa.cnf
test/certs/bad.key
test/certs/bad.pem
test/certs/interCA.key
test/certs/interCA.pem
test/certs/leaf.key
test/certs/leaf.pem
test/certs/pss1.pem
test/certs/rootCA.key
test/certs/rootCA.pem
test/certs/roots.pem
test/certs/subinterCA.key
test/certs/subinterCA.pem
test/certs/subinterCA-ss.pem
test/certs/untrusted.pem
test/cms-examples.pl
test/cms-test.pl
test/dummytest.c
test/evptests.txt
test/igetest.c
test/Makefile
test/methtest.c
test/ocsp-tests/D1.ors
test/ocsp-tests/D1_Cert_EE.pem
test/ocsp-tests/D1_Issuer_ICA.pem
test/ocsp-tests/D2.ors
test/ocsp-tests/D2_Cert_ICA.pem
test/ocsp-tests/D2_Issuer_Root.pem
test/ocsp-tests/D3.ors
test/ocsp-tests/D3_Cert_EE.pem
test/ocsp-tests/D3_Issuer_Root.pem
test/ocsp-tests/ISDOSC_D1.ors
test/ocsp-tests/ISDOSC_D2.ors
test/ocsp-tests/ISDOSC_D3.ors
test/ocsp-tests/ISIC_D1_Issuer_ICA.pem
test/ocsp-tests/ISIC_D2_Issuer_Root.pem
test/ocsp-tests/ISIC_D3_Issuer_Root.pem
test/ocsp-tests/ISIC_ND1_Issuer_ICA.pem
test/ocsp-tests/ISIC_ND2_Issuer_Root.pem
test/ocsp-tests/ISIC_ND3_Issuer_Root.pem
test/ocsp-tests/ISOP_D1.ors
test/ocsp-tests/ISOP_D2.ors
test/ocsp-tests/ISOP_D3.ors
test/ocsp-tests/ISOP_ND1.ors
test/ocsp-tests/ISOP_ND2.ors
test/ocsp-tests/ISOP_ND3.ors
test/ocsp-tests/ND1.ors
test/ocsp-tests/ND1_Cert_EE.pem
test/ocsp-tests/ND1_Issuer_ICA.pem
test/ocsp-tests/ND2.ors
test/ocsp-tests/ND2_Cert_ICA.pem
test/ocsp-tests/ND2_Issuer_Root.pem
test/ocsp-tests/ND3.ors
test/ocsp-tests/ND3_Cert_EE.pem
test/ocsp-tests/ND3_Issuer_Root.pem
test/ocsp-tests/WIKH_D1.ors
test/ocsp-tests/WIKH_D2.ors
test/ocsp-tests/WIKH_D3.ors
test/ocsp-tests/WIKH_ND1.ors
test/ocsp-tests/WIKH_ND2.ors
test/ocsp-tests/WIKH_ND3.ors
test/ocsp-tests/WINH_D1.ors
test/ocsp-tests/WINH_D2.ors
test/ocsp-tests/WINH_D3.ors
test/ocsp-tests/WINH_ND1.ors
test/ocsp-tests/WINH_ND2.ors
test/ocsp-tests/WINH_ND3.ors
test/ocsp-tests/WKDOSC_D1.ors
test/ocsp-tests/WKDOSC_D2.ors
test/ocsp-tests/WKDOSC_D3.ors
test/ocsp-tests/WKIC_D1_Issuer_ICA.pem
test/ocsp-tests/WKIC_D2_Issuer_Root.pem
test/ocsp-tests/WKIC_D3_Issuer_Root.pem
test/ocsp-tests/WKIC_ND1_Issuer_ICA.pem
test/ocsp-tests/WKIC_ND2_Issuer_Root.pem
test/ocsp-tests/WKIC_ND3_Issuer_Root.pem
test/ocsp-tests/WRID_D1.ors
test/ocsp-tests/WRID_D2.ors
test/ocsp-tests/WRID_D3.ors
test/ocsp-tests/WRID_ND1.ors
test/ocsp-tests/WRID_ND2.ors
test/ocsp-tests/WRID_ND3.ors
test/ocsp-tests/WSNIC_D1_Issuer_ICA.pem
test/ocsp-tests/WSNIC_D2_Issuer_Root.pem
test/ocsp-tests/WSNIC_D3_Issuer_Root.pem
test/ocsp-tests/WSNIC_ND1_Issuer_ICA.pem
test/ocsp-tests/WSNIC_ND2_Issuer_Root.pem
test/ocsp-tests/WSNIC_ND3_Issuer_Root.pem
test/P1ss.cnf
test/P2ss.cnf
test/pkcs7.pem
test/pkcs7-1.pem
test/pkits-test.pl
test/r160test.c
test/recipes/60-test_x509_time.t
test/serverinfo.pem
test/smcont.txt
test/smime-certs/ca.cnf
test/smime-certs/mksmime-certs.sh
test/smime-certs/smdh.pem
test/smime-certs/smdsa1.pem
test/smime-certs/smdsa2.pem
test/smime-certs/smdsa3.pem
test/smime-certs/smdsap.pem
test/smime-certs/smec1.pem
test/smime-certs/smec2.pem
test/smime-certs/smroot.pem
test/smime-certs/smrsa1.pem
test/smime-certs/smrsa2.pem
test/smime-certs/smrsa3.pem
test/ssltestlib.c
test/ssltestlib.h
test/Sssdsa.cnf
test/Sssrsa.cnf
test/tcrl
test/test.cnf
test/test_padlock
test/testca
test/testcrl.pem
test/testenc
test/testfipsssl
test/testgen
test/testp7.pem
test/testreq2.pem
test/testrsa.pem
test/testsid.pem
test/testss
test/testssl
test/testsslproxy
test/testtsa
test/testutil.h
test/testx509.pem
test/times
test/tocsp
test/tpkcs7
test/tpkcs7d
test/treq
test/trsa
test/tsid
test/tx509
test/Uss.cnf
test/v3-cert1.pem
test/v3-cert2.pem
test/VMSca-response.1
test/VMSca-response.2
test/x509_time_test.c
tools/c_hash
tools/c_info
tools/c_issuer
tools/c_name
tools/c_rehash
tools/c_rehash.in
tools/c89.sh
tools/Makefile
util/add_cr.pl
util/bat.sh
util/ck_errf.pl
util/clean-depend.pl
util/copy.pl
util/copy-if-different.pl
util/cygwin.sh
util/deleof.pl
util/deltree.com
util/dirname.pl
util/do_ms.sh
util/domd
util/err-ins.pl
util/extract-names.pl
util/extract-section.pl
util/files.pl
util/fixNT.sh
util/FreeBSD.sh
util/indent.pro
util/install.sh
util/libeay.num
util/mk1mf.pl
util/mkbuildinf.pl
util/mkcerts.sh
util/mkdef.pl
util/mkdir-p.pl
util/mkerr.pl
util/mkfiles.pl
util/mklink.pl
util/mkrc.pl
util/mkstack.pl
util/openssl-format-source
util/opensslwrap.sh
util/perlpath.pl
util/pl/BC-32.pl
util/pl/linux.pl
util/pl/Mingw32.pl
util/pl/netware.pl
util/pl/OS2-EMX.pl
util/pl/ultrix.pl
util/pl/unix.pl
util/pl/VC-32.pl
util/pod2man.pl
util/pod2mantest
util/pod2mantest.pod
util/point.sh
util/selftest.pl
util/shlib_wrap.sh
util/sp-diff.pl
util/speed.sh
util/src-dep.pl
util/ssleay.num
util/su-filter.pl
util/tab_num.pl
util/toutf8.sh
util/x86asm.sh
